TN:
SF:src/api/catalog.routes.ts
FNF:0
FNH:0
DA:1,1
DA:2,1
DA:3,1
DA:4,1
DA:5,1
DA:6,1
DA:7,1
DA:8,1
DA:9,1
DA:10,1
DA:11,1
DA:12,1
DA:13,3
DA:14,3
DA:15,3
DA:16,3
DA:17,1
DA:18,1
DA:19,1
DA:20,2
DA:21,1
DA:22,1
DA:23,1
DA:24,1
DA:25,1
DA:26,1
DA:27,3
DA:28,1
DA:29,1
DA:30,2
DA:31,2
DA:32,2
DA:33,2
DA:34,1
DA:35,1
DA:36,1
DA:37,1
DA:38,1
DA:39,1
DA:40,1
DA:41,2
DA:42,1
DA:43,1
DA:44,0
DA:45,0
DA:46,0
DA:47,0
DA:48,0
DA:49,0
DA:50,0
DA:51,0
DA:52,0
DA:53,0
DA:54,0
DA:55,1
DA:56,1
DA:57,0
DA:58,0
DA:59,0
DA:60,0
DA:61,0
DA:62,0
DA:63,0
DA:64,0
DA:65,0
DA:66,0
DA:67,0
DA:68,1
LF:68
LH:46
BRDA:12,0,0,3
BRDA:12,1,0,3
BRDA:16,2,0,1
BRDA:20,3,0,2
BRDA:21,4,0,1
BRDA:29,5,0,2
BRDA:29,6,0,2
BRDA:34,7,0,1
BRF:8
BRH:8
end_of_record
TN:
SF:src/dto/product.dto.ts
FNF:0
FNH:0
DA:1,1
DA:2,1
DA:3,1
DA:4,1
DA:5,1
DA:6,1
DA:7,1
DA:8,1
DA:9,1
DA:10,1
DA:11,1
DA:12,1
DA:13,1
DA:14,1
DA:15,1
DA:16,1
LF:16
LH:16
BRF:0
BRH:0
end_of_record
TN:
SF:src/repository/catalog.repository.ts
FN:5,create
FN:14,update
FN:17,delete
FN:22,find
FN:26,findAll
FNF:5
FNH:0
FNDA:0,create
FNDA:0,update
FNDA:0,delete
FNDA:0,find
FNDA:0,findAll
DA:1,1
DA:2,1
DA:3,1
DA:4,1
DA:5,1
DA:6,0
DA:7,0
DA:8,0
DA:9,0
DA:10,0
DA:11,0
DA:12,0
DA:13,0
DA:14,1
DA:15,0
DA:16,0
DA:17,1
DA:18,0
DA:19,0
DA:20,0
DA:21,0
DA:22,1
DA:23,0
DA:24,0
DA:25,0
DA:26,1
DA:27,0
DA:28,0
DA:29,0
DA:30,1
DA:31,1
DA:32,1
LF:32
LH:12
BRF:0
BRH:0
end_of_record
TN:
SF:src/repository/mockCatalog.repository.ts
FN:5,create
FN:12,update
FN:17,delete
FN:20,find
FN:24,findAll
FNF:5
FNH:2
FNDA:1,create
FNDA:1,update
FNDA:0,delete
FNDA:0,find
FNDA:0,findAll
DA:1,1
DA:2,1
DA:3,1
DA:4,1
DA:5,1
DA:6,1
DA:7,1
DA:8,1
DA:9,1
DA:10,1
DA:11,1
DA:12,1
DA:13,1
DA:14,1
DA:15,1
DA:16,1
DA:17,1
DA:18,0
DA:19,0
DA:20,1
DA:21,0
DA:22,0
DA:23,0
DA:24,1
DA:25,0
DA:26,0
DA:27,1
DA:28,1
DA:29,1
LF:29
LH:22
BRDA:5,0,0,1
BRDA:12,1,0,1
BRF:2
BRH:2
end_of_record
TN:
SF:src/services/catalog.service.ts
FN:7,CatalogService
FN:12,createProduct
FN:21,updateProduct
FN:31,getProducts
FN:36,getProduct
FN:40,deleteProduct
FNF:6
FNH:6
FNDA:12,CatalogService
FNDA:3,createProduct
FNDA:2,updateProduct
FNDA:2,getProducts
FNDA:2,getProduct
FNDA:2,deleteProduct
DA:1,1
DA:2,1
DA:3,1
DA:4,1
DA:5,1
DA:6,1
DA:7,1
DA:8,12
DA:9,12
DA:10,1
DA:11,1
DA:12,1
DA:13,3
DA:14,3
DA:15,3
DA:16,1
DA:17,1
DA:18,1
DA:19,1
DA:20,1
DA:21,1
DA:22,2
DA:23,2
DA:24,1
DA:25,1
DA:26,1
DA:27,1
DA:28,1
DA:29,1
DA:30,1
DA:31,1
DA:32,2
DA:33,2
DA:34,1
DA:35,1
DA:36,1
DA:37,2
DA:38,1
DA:39,1
DA:40,1
DA:41,2
DA:42,2
DA:43,1
DA:44,1
DA:45,1
LF:45
LH:45
BRDA:7,0,0,12
BRDA:12,1,0,3
BRDA:15,2,0,2
BRDA:15,3,0,1
BRDA:21,4,0,2
BRDA:24,5,0,1
BRDA:31,6,0,2
BRDA:34,7,0,1
BRDA:36,8,0,2
BRDA:38,9,0,1
BRDA:40,10,0,2
BRDA:43,11,0,1
BRF:12
BRH:12
end_of_record
TN:
SF:src/utils/requestValidator.ts
FN:5,validationError
FN:17,RequestValidator
FNF:2
FNH:2
FNDA:3,validationError
FNDA:3,RequestValidator
DA:1,1
DA:2,1
DA:3,1
DA:4,1
DA:5,1
DA:6,3
DA:7,3
DA:8,3
DA:9,3
DA:10,3
DA:11,1
DA:12,1
DA:13,2
DA:14,2
DA:15,2
DA:16,1
DA:17,1
DA:18,3
DA:19,3
DA:20,3
DA:21,1
DA:22,1
DA:23,1
DA:24,1
DA:25,1
DA:26,1
DA:27,1
DA:28,1
DA:29,1
DA:30,2
DA:31,2
DA:32,2
LF:32
LH:32
BRDA:5,0,0,3
BRDA:5,1,0,3
BRDA:10,2,0,1
BRDA:13,3,0,2
BRDA:17,4,0,3
BRDA:17,5,0,3
BRDA:20,6,0,1
BRDA:30,7,0,2
BRDA:21,8,0,1
BRF:9
BRH:9
end_of_record
